#
# There is insufficient memory for the Java Runtime Environment to continue.
# Native memory allocation (mmap) failed to map 65536 bytes for Failed to commit metaspace.
# Possible reasons:
#   The system is out of physical RAM or swap space
#   The process is running with CompressedOops enabled, and the Java Heap may be blocking the growth of the native heap
# Possible solutions:
#   Reduce memory load on the system
#   Increase physical memory or swap space
#   Check if swap backing store is full
#   Decrease Java heap size (-Xmx/-Xms)
#   Decrease number of Java threads
#   Decrease Java thread stack sizes (-Xss)
#   Set larger code cache with -XX:ReservedCodeCacheSize=
#   JVM is running with Unscaled Compressed Oops mode in which the Java heap is
#     placed in the first 4GB address space. The Java Heap base address is the
#     maximum limit for the native heap growth. Please use -XX:HeapBaseMinAddress
#     to set the Java Heap base and to place the Java Heap above 4GB virtual address.
# This output file may be truncated or incomplete.
#
#  Out of Memory Error (virtualSpaceNode.cpp:110), pid=13576, tid=9344
#
# JRE version: Java(TM) SE Runtime Environment (20.0.2+9) (build 20.0.2+9-78)
# Java VM: Java HotSpot(TM) 64-Bit Server VM (20.0.2+9-78, mixed mode, sharing, tiered, compressed oops, compressed class ptrs, g1 gc, windows-amd64)
# No core dump will be written. Minidumps are not enabled by default on client versions of Windows
#

---------------  S U M M A R Y ------------

Command Line: -Dfile.encoding=UTF-8 --module-path=C:\Users\Administrator\Documents\NetBeansProjects\Codsoft_task5\build\classes codsoft_task5.Student

Host: Intel(R) Core(TM) i3-4000M CPU @ 2.40GHz, 4 cores, 3G,  Windows 10 , 64 bit Build 19041 (10.0.19041.4597)
Time: Thu Aug  8 10:48:11 2024 Pacific Daylight Time elapsed time: 0.309614 seconds (0d 0h 0m 0s)

---------------  T H R E A D  ---------------

Current thread (0x0000025c6b0323a0):  JavaThread "main" [_thread_in_vm, id=9344, stack(0x000000ee4a500000,0x000000ee4a600000)]

Stack: [0x000000ee4a500000,0x000000ee4a600000]
Native frames: (J=compiled Java code, j=interpreted, Vv=VM code, C=native code)
V  [jvm.dll+0x6bc25a]
V  [jvm.dll+0x84971a]
V  [jvm.dll+0x84b315]
V  [jvm.dll+0x84ba13]
V  [jvm.dll+0x280e4f]
V  [jvm.dll+0x84565b]
V  [jvm.dll+0x660616]
V  [jvm.dll+0x66067a]
V  [jvm.dll+0x662f53]
V  [jvm.dll+0x662e1e]
V  [jvm.dll+0x66102e]
V  [jvm.dll+0x66b6a7]
V  [jvm.dll+0x21b712]
V  [jvm.dll+0x21bc45]
V  [jvm.dll+0x21c631]
V  [jvm.dll+0x211a50]
V  [jvm.dll+0x59c7cc]
V  [jvm.dll+0x22303a]
V  [jvm.dll+0x7c38c4]
V  [jvm.dll+0x7c4a0f]
V  [jvm.dll+0x7c51d0]
V  [jvm.dll+0x21ca45]
V  [jvm.dll+0x211a69]
V  [jvm.dll+0x59c7cc]
V  [jvm.dll+0x22303a]
V  [jvm.dll+0x7c38c4]
V  [jvm.dll+0x7c4a0f]
V  [jvm.dll+0x7c51d0]
V  [jvm.dll+0x21ca45]
V  [jvm.dll+0x211a69]
V  [jvm.dll+0x59c7cc]
V  [jvm.dll+0x22303a]
V  [jvm.dll+0x7c38c4]
V  [jvm.dll+0x7c4a0f]
V  [jvm.dll+0x7c4fbf]
V  [jvm.dll+0x7c4c68]
V  [jvm.dll+0x2705bb]
V  [jvm.dll+0x3d89fe]
C  0x0000025c0755f8df

Java frames: (J=compiled Java code, j=interpreted, Vv=VM code)
j  javax.swing.plaf.metal.MetalLookAndFeel.getCurrentTheme()Ljavax/swing/plaf/metal/MetalTheme;+74 java.desktop@20.0.2
j  javax.swing.plaf.metal.MetalLookAndFeel.createDefaultTheme()V+0 java.desktop@20.0.2
j  javax.swing.plaf.metal.MetalLookAndFeel.getDefaults()Ljavax/swing/UIDefaults;+5 java.desktop@20.0.2
j  javax.swing.UIManager.setLookAndFeel(Ljavax/swing/LookAndFeel;)V+66 java.desktop@20.0.2
j  javax.swing.UIManager.setLookAndFeel(Ljava/lang/String;)V+16 java.desktop@20.0.2
j  javax.swing.UIManager.initializeDefaultLAF(Ljava/util/Properties;)V+58 java.desktop@20.0.2
j  javax.swing.UIManager.initialize()V+9 java.desktop@20.0.2
j  javax.swing.UIManager.maybeInitialize()V+22 java.desktop@20.0.2
j  javax.swing.UIManager.getUI(Ljavax/swing/JComponent;)Ljavax/swing/plaf/ComponentUI;+0 java.desktop@20.0.2
j  javax.swing.JPanel.updateUI()V+2 java.desktop@20.0.2
j  javax.swing.JPanel.<init>(Ljava/awt/LayoutManager;Z)V+24 java.desktop@20.0.2
j  javax.swing.JPanel.<init>(Z)V+9 java.desktop@20.0.2
j  javax.swing.JPanel.<init>()V+2 java.desktop@20.0.2
j  javax.swing.JRootPane.createGlassPane()Ljava/awt/Component;+4 java.desktop@20.0.2
j  javax.swing.JRootPane.<init>()V+11 java.desktop@20.0.2
j  javax.swing.JFrame.createRootPane()Ljavax/swing/JRootPane;+4 java.desktop@20.0.2
j  javax.swing.JFrame.frameInit()V+16 java.desktop@20.0.2
j  javax.swing.JFrame.<init>()V+20 java.desktop@20.0.2
j  codsoft_task5.Student.<init>()V+1
j  codsoft_task5.Student.main([Ljava/lang/String;)V+4
v  ~StubRoutines::call_stub 0x0000025c0753100d

---------------  P R O C E S S  ---------------

Threads class SMR info:
_java_thread_list=0x0000025c7af2d500, length=14, elements={
0x0000025c6b0323a0, 0x0000025c769ef9b0, 0x0000025c769f0950, 0x0000025c769f6a40,
0x0000025c769f9390, 0x0000025c769fa010, 0x0000025c769fee60, 0x0000025c769ffe10,
0x0000025c76a08940, 0x0000025c769dca30, 0x0000025c7ad1bdd0, 0x0000025c7af36050,
0x0000025c7af3c080, 0x0000025c7af3f2b0
}

Java Threads: ( => current thread )
=>0x0000025c6b0323a0 JavaThread "main" [_thread_in_vm, id=9344, stack(0x000000ee4a500000,0x000000ee4a600000)]
  0x0000025c769ef9b0 JavaThread "Reference Handler" daemon [_thread_blocked, id=16148, stack(0x000000ee4ac00000,0x000000ee4ad00000)]
  0x0000025c769f0950 JavaThread "Finalizer" daemon [_thread_blocked, id=19224, stack(0x000000ee4ad00000,0x000000ee4ae00000)]
  0x0000025c769f6a40 JavaThread "Signal Dispatcher" daemon [_thread_blocked, id=17176, stack(0x000000ee4ae00000,0x000000ee4af00000)]
  0x0000025c769f9390 JavaThread "Attach Listener" daemon [_thread_blocked, id=18352, stack(0x000000ee4af00000,0x000000ee4b000000)]
  0x0000025c769fa010 JavaThread "Service Thread" daemon [_thread_blocked, id=18440, stack(0x000000ee4b000000,0x000000ee4b100000)]
  0x0000025c769fee60 JavaThread "Monitor Deflation Thread" daemon [_thread_blocked, id=18872, stack(0x000000ee4b100000,0x000000ee4b200000)]
  0x0000025c769ffe10 JavaThread "C2 CompilerThread0" daemon [_thread_blocked, id=15956, stack(0x000000ee4b200000,0x000000ee4b300000)]
  0x0000025c76a08940 JavaThread "C1 CompilerThread0" daemon [_thread_blocked, id=17880, stack(0x000000ee4b300000,0x000000ee4b400000)]
  0x0000025c769dca30 JavaThread "Common-Cleaner" daemon [_thread_blocked, id=1032, stack(0x000000ee4b400000,0x000000ee4b500000)]
  0x0000025c7ad1bdd0 JavaThread "Notification Thread" daemon [_thread_blocked, id=7784, stack(0x000000ee4b500000,0x000000ee4b600000)]
  0x0000025c7af36050 JavaThread "Java2D Disposer" daemon [_thread_blocked, id=18424, stack(0x000000ee4b700000,0x000000ee4b800000)]
  0x0000025c7af3c080 JavaThread "AWT-Shutdown" [_thread_blocked, id=18656, stack(0x000000ee4b800000,0x000000ee4b900000)]
  0x0000025c7af3f2b0 JavaThread "AWT-Windows" daemon [_thread_in_native, id=4808, stack(0x000000ee4b900000,0x000000ee4ba00000)]

Other Threads:
  0x0000025c6b0f1040 VMThread "VM Thread" [stack: 0x000000ee4ab00000,0x000000ee4ac00000] [id=9260]
  0x0000025c7ad3b5b0 WatcherThread "VM Periodic Task Thread" [stack: 0x000000ee4b600000,0x000000ee4b700000] [id=19040]
  0x0000025c6b071480 WorkerThread "GC Thread#0" [stack: 0x000000ee4a600000,0x000000ee4a700000] [id=4924]
  0x0000025c6b07ab50 ConcurrentGCThread "G1 Main Marker" [stack: 0x000000ee4a700000,0x000000ee4a800000] [id=10728]
  0x0000025c6b07cc40 WorkerThread "G1 Conc#0" [stack: 0x000000ee4a800000,0x000000ee4a900000] [id=17644]
  0x0000025c6b0d1050 ConcurrentGCThread "G1 Refine#0" [stack: 0x000000ee4a900000,0x000000ee4aa00000] [id=17928]
  0x0000025c6b0d1a00 ConcurrentGCThread "G1 Service" [stack: 0x000000ee4aa00000,0x000000ee4ab00000] [id=19020]

Threads with active compile tasks:

VM state: not at safepoint (normal execution)

VM Mutex/Monitor currently owned by a thread:  ([mutex/lock_event])
[0x0000025c6b02c4c0] Metaspace_lock - owner thread: 0x0000025c6b0323a0

Heap address: 0x00000000c4800000, size: 952 MB, Compressed Oops mode: 32-bit

CDS archive(s) mapped at: [0x0000025c0f000000-0x0000025c0fc60000-0x0000025c0fc60000), size 12976128, SharedBaseAddress: 0x0000025c0f000000, ArchiveRelocationMode: 1.
Compressed class space mapped at: 0x0000025c10000000-0x0000025c50000000, reserved size: 1073741824
Narrow klass base: 0x0000025c0f000000, Narrow klass shift: 0, Narrow klass range: 0x100000000

GC Precious Log:
 CardTable entry size: 512
 Card Set container configuration: InlinePtr #cards 5 size 8 Array Of Cards #cards 12 size 40 Howl #buckets 4 coarsen threshold 1843 Howl Bitmap #cards 512 size 80 coarsen threshold 460 Card regions per heap region 1 cards per card region 2048
 CPUs: 4 total, 4 available
 Memory: 3804M
 Large Page Support: Disabled
 NUMA Support: Disabled
 Compressed Oops: Enabled (32-bit)
 Heap Region Size: 1M
 Heap Min Capacity: 8M
 Heap Initial Capacity: 60M
 Heap Max Capacity: 952M
 Pre-touch: Disabled
 Parallel Workers: 4
 Concurrent Workers: 1
 Concurrent Refinement Workers: 4
 Periodic GC: Disabled

Heap:
 garbage-first heap   total 61440K, used 3072K [0x00000000c4800000, 0x0000000100000000)
  region size 1024K, 4 young (4096K), 0 survivors (0K)
 Metaspace       used 3596K, committed 3712K, reserved 1114112K
  class space    used 331K, committed 384K, reserved 1048576K

Heap Regions: E=young(eden), S=young(survivor), O=old, HS=humongous(starts), HC=humongous(continues), CS=collection set, F=free, OA=open archive, CA=closed archive, TAMS=top-at-mark-start, PB=parsable bottom
|   0|0x00000000c4800000, 0x00000000c4800000, 0x00000000c4900000|  0%| F|  |TAMS 0x00000000c4800000| PB 0x00000000c4800000| Untracked 
|   1|0x00000000c4900000, 0x00000000c4900000, 0x00000000c4a00000|  0%| F|  |TAMS 0x00000000c4900000| PB 0x00000000c4900000| Untracked 
|   2|0x00000000c4a00000, 0x00000000c4a00000, 0x00000000c4b00000|  0%| F|  |TAMS 0x00000000c4a00000| PB 0x00000000c4a00000| Untracked 
|   3|0x00000000c4b00000, 0x00000000c4b00000, 0x00000000c4c00000|  0%| F|  |TAMS 0x00000000c4b00000| PB 0x00000000c4b00000| Untracked 
|   4|0x00000000c4c00000, 0x00000000c4c00000, 0x00000000c4d00000|  0%| F|  |TAMS 0x00000000c4c00000| PB 0x00000000c4c00000| Untracked 
|   5|0x00000000c4d00000, 0x00000000c4d00000, 0x00000000c4e00000|  0%| F|  |TAMS 0x00000000c4d00000| PB 0x00000000c4d00000| Untracked 
|   6|0x00000000c4e00000, 0x00000000c4e00000, 0x00000000c4f00000|  0%| F|  |TAMS 0x00000000c4e00000| PB 0x00000000c4e00000| Untracked 
|   7|0x00000000c4f00000, 0x00000000c4f00000, 0x00000000c5000000|  0%| F|  |TAMS 0x00000000c4f00000| PB 0x00000000c4f00000| Untracked 
|   8|0x00000000c5000000, 0x00000000c5000000, 0x00000000c5100000|  0%| F|  |TAMS 0x00000000c5000000| PB 0x00000000c5000000| Untracked 
|   9|0x00000000c5100000, 0x00000000c5100000, 0x00000000c5200000|  0%| F|  |TAMS 0x00000000c5100000| PB 0x00000000c5100000| Untracked 
|  10|0x00000000c5200000, 0x00000000c5200000, 0x00000000c5300000|  0%| F|  |TAMS 0x00000000c5200000| PB 0x00000000c5200000| Untracked 
|  11|0x00000000c5300000, 0x00000000c5300000, 0x00000000c5400000|  0%| F|  |TAMS 0x00000000c5300000| PB 0x00000000c5300000| Untracked 
|  12|0x00000000c5400000, 0x00000000c5400000, 0x00000000c5500000|  0%| F|  |TAMS 0x00000000c5400000| PB 0x00000000c5400000| Untracked 
|  13|0x00000000c5500000, 0x00000000c5500000, 0x00000000c5600000|  0%| F|  |TAMS 0x00000000c5500000| PB 0x00000000c5500000| Untracked 
|  14|0x00000000c5600000, 0x00000000c5600000, 0x00000000c5700000|  0%| F|  |TAMS 0x00000000c5600000| PB 0x00000000c5600000| Untracked 
|  15|0x00000000c5700000, 0x00000000c5700000, 0x00000000c5800000|  0%| F|  |TAMS 0x00000000c5700000| PB 0x00000000c5700000| Untracked 
|  16|0x00000000c5800000, 0x00000000c5800000, 0x00000000c5900000|  0%| F|  |TAMS 0x00000000c5800000| PB 0x00000000c5800000| Untracked 
|  17|0x00000000c5900000, 0x00000000c5900000, 0x00000000c5a00000|  0%| F|  |TAMS 0x00000000c5900000| PB 0x00000000c5900000| Untracked 
|  18|0x00000000c5a00000, 0x00000000c5a00000, 0x00000000c5b00000|  0%| F|  |TAMS 0x00000000c5a00000| PB 0x00000000c5a00000| Untracked 
|  19|0x00000000c5b00000, 0x00000000c5b00000, 0x00000000c5c00000|  0%| F|  |TAMS 0x00000000c5b00000| PB 0x00000000c5b00000| Untracked 
|  20|0x00000000c5c00000, 0x00000000c5c00000, 0x00000000c5d00000|  0%| F|  |TAMS 0x00000000c5c00000| PB 0x00000000c5c00000| Untracked 
|  21|0x00000000c5d00000, 0x00000000c5d00000, 0x00000000c5e00000|  0%| F|  |TAMS 0x00000000c5d00000| PB 0x00000000c5d00000| Untracked 
|  22|0x00000000c5e00000, 0x00000000c5e00000, 0x00000000c5f00000|  0%| F|  |TAMS 0x00000000c5e00000| PB 0x00000000c5e00000| Untracked 
|  23|0x00000000c5f00000, 0x00000000c5f00000, 0x00000000c6000000|  0%| F|  |TAMS 0x00000000c5f00000| PB 0x00000000c5f00000| Untracked 
|  24|0x00000000c6000000, 0x00000000c6000000, 0x00000000c6100000|  0%| F|  |TAMS 0x00000000c6000000| PB 0x00000000c6000000| Untracked 
|  25|0x00000000c6100000, 0x00000000c6100000, 0x00000000c6200000|  0%| F|  |TAMS 0x00000000c6100000| PB 0x00000000c6100000| Untracked 
|  26|0x00000000c6200000, 0x00000000c6200000, 0x00000000c6300000|  0%| F|  |TAMS 0x00000000c6200000| PB 0x00000000c6200000| Untracked 
|  27|0x00000000c6300000, 0x00000000c6300000, 0x00000000c6400000|  0%| F|  |TAMS 0x00000000c6300000| PB 0x00000000c6300000| Untracked 
|  28|0x00000000c6400000, 0x00000000c6400000, 0x00000000c6500000|  0%| F|  |TAMS 0x00000000c6400000| PB 0x00000000c6400000| Untracked 
|  29|0x00000000c6500000, 0x00000000c6500000, 0x00000000c6600000|  0%| F|  |TAMS 0x00000000c6500000| PB 0x00000000c6500000| Untracked 
|  30|0x00000000c6600000, 0x00000000c6600000, 0x00000000c6700000|  0%| F|  |TAMS 0x00000000c6600000| PB 0x00000000c6600000| Untracked 
|  31|0x00000000c6700000, 0x00000000c6700000, 0x00000000c6800000|  0%| F|  |TAMS 0x00000000c6700000| PB 0x00000000c6700000| Untracked 
|  32|0x00000000c6800000, 0x00000000c6800000, 0x00000000c6900000|  0%| F|  |TAMS 0x00000000c6800000| PB 0x00000000c6800000| Untracked 
|  33|0x00000000c6900000, 0x00000000c6900000, 0x00000000c6a00000|  0%| F|  |TAMS 0x00000000c6900000| PB 0x00000000c6900000| Untracked 
|  34|0x00000000c6a00000, 0x00000000c6a00000, 0x00000000c6b00000|  0%| F|  |TAMS 0x00000000c6a00000| PB 0x00000000c6a00000| Untracked 
|  35|0x00000000c6b00000, 0x00000000c6b00000, 0x00000000c6c00000|  0%| F|  |TAMS 0x00000000c6b00000| PB 0x00000000c6b00000| Untracked 
|  36|0x00000000c6c00000, 0x00000000c6c00000, 0x00000000c6d00000|  0%| F|  |TAMS 0x00000000c6c00000| PB 0x00000000c6c00000| Untracked 
|  37|0x00000000c6d00000, 0x00000000c6d00000, 0x00000000c6e00000|  0%| F|  |TAMS 0x00000000c6d00000| PB 0x00000000c6d00000| Untracked 
|  38|0x00000000c6e00000, 0x00000000c6e00000, 0x00000000c6f00000|  0%| F|  |TAMS 0x00000000c6e00000| PB 0x00000000c6e00000| Untracked 
|  39|0x00000000c6f00000, 0x00000000c6f00000, 0x00000000c7000000|  0%| F|  |TAMS 0x00000000c6f00000| PB 0x00000000c6f00000| Untracked 
|  40|0x00000000c7000000, 0x00000000c7000000, 0x00000000c7100000|  0%| F|  |TAMS 0x00000000c7000000| PB 0x00000000c7000000| Untracked 
|  41|0x00000000c7100000, 0x00000000c7100000, 0x00000000c7200000|  0%| F|  |TAMS 0x00000000c7100000| PB 0x00000000c7100000| Untracked 
|  42|0x00000000c7200000, 0x00000000c7200000, 0x00000000c7300000|  0%| F|  |TAMS 0x00000000c7200000| PB 0x00000000c7200000| Untracked 
|  43|0x00000000c7300000, 0x00000000c7300000, 0x00000000c7400000|  0%| F|  |TAMS 0x00000000c7300000| PB 0x00000000c7300000| Untracked 
|  44|0x00000000c7400000, 0x00000000c7400000, 0x00000000c7500000|  0%| F|  |TAMS 0x00000000c7400000| PB 0x00000000c7400000| Untracked 
|  45|0x00000000c7500000, 0x00000000c7500000, 0x00000000c7600000|  0%| F|  |TAMS 0x00000000c7500000| PB 0x00000000c7500000| Untracked 
|  46|0x00000000c7600000, 0x00000000c7600000, 0x00000000c7700000|  0%| F|  |TAMS 0x00000000c7600000| PB 0x00000000c7600000| Untracked 
|  47|0x00000000c7700000, 0x00000000c7700000, 0x00000000c7800000|  0%| F|  |TAMS 0x00000000c7700000| PB 0x00000000c7700000| Untracked 
|  48|0x00000000c7800000, 0x00000000c7800000, 0x00000000c7900000|  0%| F|  |TAMS 0x00000000c7800000| PB 0x00000000c7800000| Untracked 
|  49|0x00000000c7900000, 0x00000000c7900000, 0x00000000c7a00000|  0%| F|  |TAMS 0x00000000c7900000| PB 0x00000000c7900000| Untracked 
|  50|0x00000000c7a00000, 0x00000000c7a00000, 0x00000000c7b00000|  0%| F|  |TAMS 0x00000000c7a00000| PB 0x00000000c7a00000| Untracked 
|  51|0x00000000c7b00000, 0x00000000c7b00000, 0x00000000c7c00000|  0%| F|  |TAMS 0x00000000c7b00000| PB 0x00000000c7b00000| Untracked 
|  52|0x00000000c7c00000, 0x00000000c7c00000, 0x00000000c7d00000|  0%| F|  |TAMS 0x00000000c7c00000| PB 0x00000000c7c00000| Untracked 
|  53|0x00000000c7d00000, 0x00000000c7d00000, 0x00000000c7e00000|  0%| F|  |TAMS 0x00000000c7d00000| PB 0x00000000c7d00000| Untracked 
|  54|0x00000000c7e00000, 0x00000000c7e00000, 0x00000000c7f00000|  0%| F|  |TAMS 0x00000000c7e00000| PB 0x00000000c7e00000| Untracked 
|  55|0x00000000c7f00000, 0x00000000c7f00000, 0x00000000c8000000|  0%| F|  |TAMS 0x00000000c7f00000| PB 0x00000000c7f00000| Untracked 
|  56|0x00000000c8000000, 0x00000000c8100000, 0x00000000c8100000|100%| E|  |TAMS 0x00000000c8000000| PB 0x00000000c8000000| Complete 
|  57|0x00000000c8100000, 0x00000000c8200000, 0x00000000c8200000|100%| E|CS|TAMS 0x00000000c8100000| PB 0x00000000c8100000| Complete 
|  58|0x00000000c8200000, 0x00000000c8300000, 0x00000000c8300000|100%| E|CS|TAMS 0x00000000c8200000| PB 0x00000000c8200000| Complete 
|  59|0x00000000c8300000, 0x00000000c8400000, 0x00000000c8400000|100%| E|CS|TAMS 0x00000000c8300000| PB 0x00000000c8300000| Complete 

Card table byte_map: [0x0000025c732f0000,0x0000025c734d0000] _byte_map_base: 0x0000025c72ccc000

Marking Bits: (CMBitMap*) 0x0000025c6b0729d0
 Bits: [0x0000025c736b0000, 0x0000025c74590000)

Polling page: 0x0000025c691c0000

Metaspace:

Usage:
  Non-class:      3.19 MB used.
      Class:    331.41 KB used.
       Both:      3.51 MB used.

Virtual space:
  Non-class space:       64.00 MB reserved,       3.25 MB (  5%) committed,  1 nodes.
      Class space:        1.00 GB reserved,     384.00 KB ( <1%) committed,  1 nodes.
             Both:        1.06 GB reserved,       3.62 MB ( <1%) committed. 

Chunk freelists:
   Non-Class:  3.90 MB
       Class:  3.57 MB
        Both:  7.48 MB

MaxMetaspaceSize: unlimited
CompressedClassSpaceSize: 1.00 GB
Initial GC threshold: 21.00 MB
Current GC threshold: 21.00 MB
CDS: on
MetaspaceReclaimPolicy: balanced
 - commit_granule_bytes: 65536.
 - commit_granule_words: 8192.
 - virtual_space_node_default_size: 8388608.
 - enlarge_chunks_in_place: 1.
 - new_chunks_are_fully_committed: 0.
 - uncommit_free_chunks: 1.
 - use_allocation_guard: 0.


Internal statistics:

num_allocs_failed_limit: 0.
num_arena_births: 96.
num_arena_deaths: 0.
num_vsnodes_births: 2.
num_vsnodes_deaths: 0.
num_space_committed: 58.
num_space_uncommitted: 0.
num_chunks_returned_to_freelist: 0.
num_chunks_taken_from_freelist: 114.
num_chunk_merges: 0.
num_chunk_splits: 68.
num_chunks_enlarged: 26.
num_inconsistent_stats: 0.

CodeHeap 'non-profiled nmethods': size=120000Kb used=136Kb max_used=136Kb free=119864Kb
 bounds [0x0000025c07ad0000, 0x0000025c07d40000, 0x0000025c0f000000]
CodeHeap 'profiled nmethods': size=120000Kb used=552Kb max_used=552Kb free=119447Kb
 bounds [0x0000025c00000000, 0x0000025c00270000, 0x0000025c07530000]
CodeHeap 'non-nmethods': size=5760Kb used=1460Kb max_used=1469Kb free=4299Kb
 bounds [0x0000025c07530000, 0x0000025c077a0000, 0x0000025c07ad0000]
 total_blobs=928 nmethods=432 adapters=407
 compilation: enabled
              stopped_count=0, restarted_count=0
 full_count=0

Compilation events (20 events):
Event: 0.283 Thread 0x0000025c76a08940  421       3       java.lang.String::compareTo (63 bytes)
Event: 0.284 Thread 0x0000025c76a08940 nmethod 421 0x0000025c00084810 code [0x0000025c00084a00, 0x0000025c00084e80]
Event: 0.284 Thread 0x0000025c76a08940  424       3       java.util.HashMap::putVal (300 bytes)
Event: 0.285 Thread 0x0000025c76a08940 nmethod 424 0x0000025c00085010 code [0x0000025c000852a0, 0x0000025c000864a8]
Event: 0.285 Thread 0x0000025c76a08940  426       3       java.util.IdentityHashMap$IdentityHashMapIterator::hasNext (50 bytes)
Event: 0.285 Thread 0x0000025c76a08940 nmethod 426 0x0000025c00086990 code [0x0000025c00086b20, 0x0000025c00086d80]
Event: 0.285 Thread 0x0000025c76a08940  425       1       java.util.concurrent.atomic.AtomicInteger::get (5 bytes)
Event: 0.285 Thread 0x0000025c76a08940 nmethod 425 0x0000025c07af1d10 code [0x0000025c07af1e80, 0x0000025c07af1f48]
Event: 0.288 Thread 0x0000025c76a08940  427       3       java.lang.invoke.InvokerBytecodeGenerator::emitLoadInsn (21 bytes)
Event: 0.288 Thread 0x0000025c76a08940 nmethod 427 0x0000025c00086e90 code [0x0000025c00087040, 0x0000025c00087290]
Event: 0.288 Thread 0x0000025c76a08940  428       3       java.lang.invoke.InvokerBytecodeGenerator::loadInsnOpcode (98 bytes)
Event: 0.288 Thread 0x0000025c76a08940 nmethod 428 0x0000025c00087410 code [0x0000025c00087660, 0x0000025c00087fb8]
Event: 0.289 Thread 0x0000025c76a08940  429       3       sun.invoke.util.BytecodeDescriptor::unparseSig (49 bytes)
Event: 0.289 Thread 0x0000025c76a08940 nmethod 429 0x0000025c00088310 code [0x0000025c00088520, 0x0000025c00088978]
Event: 0.289 Thread 0x0000025c76a08940  430       3       java.lang.ref.SoftReference::get (29 bytes)
Event: 0.289 Thread 0x0000025c76a08940 nmethod 430 0x0000025c00088b90 code [0x0000025c00088d20, 0x0000025c00088ef8]
Event: 0.289 Thread 0x0000025c76a08940  431       3       java.lang.StringConcatHelper::mix (27 bytes)
Event: 0.289 Thread 0x0000025c76a08940 nmethod 431 0x0000025c00088f90 code [0x0000025c00089160, 0x0000025c00089558]
Event: 0.289 Thread 0x0000025c76a08940  432       3       sun.awt.AppContext::getAppContext (51 bytes)
Event: 0.290 Thread 0x0000025c76a08940 nmethod 432 0x0000025c00089710 code [0x0000025c00089920, 0x0000025c0008a0f8]

GC Heap History (0 events):
No events

Dll operation events (7 events):
Event: 0.010 Loaded shared library C:\Program Files\Java\jdk-20\bin\java.dll
Event: 0.033 Loaded shared library C:\Program Files\Java\jdk-20\bin\jsvml.dll
Event: 0.106 Loaded shared library C:\Program Files\Java\jdk-20\bin\net.dll
Event: 0.108 Loaded shared library C:\Program Files\Java\jdk-20\bin\nio.dll
Event: 0.136 Loaded shared library C:\Program Files\Java\jdk-20\bin\zip.dll
Event: 0.154 Loaded shared library C:\Program Files\Java\jdk-20\bin\jimage.dll
Event: 0.177 Loaded shared library C:\Program Files\Java\jdk-20\bin\awt.dll

Deoptimization events (4 events):
Event: 0.283 Thread 0x0000025c6b0323a0 Uncommon trap: trap_request=0xffffff45 fr.pc=0x0000025c07adf870 relative=0x00000000000009f0
Event: 0.283 Thread 0x0000025c6b0323a0 Uncommon trap: reason=unstable_if action=reinterpret pc=0x0000025c07adf870 method=java.util.HashMap.putVal(ILjava/lang/Object;Ljava/lang/Object;ZZ)Ljava/lang/Object; @ 236 c2
Event: 0.283 Thread 0x0000025c6b0323a0 DEOPT PACKING pc=0x0000025c07adf870 sp=0x000000ee4a5fddf0
Event: 0.283 Thread 0x0000025c6b0323a0 DEOPT UNPACKING pc=0x0000025c07599d22 sp=0x000000ee4a5fdda8 mode 2

Classes loaded (20 events):
Event: 0.286 Loading class javax/swing/UIManager$LAFState done
Event: 0.286 Loading class javax/swing/UIDefaults
Event: 0.287 Loading class javax/swing/UIDefaults done
Event: 0.287 Loading class javax/swing/MultiUIDefaults
Event: 0.287 Loading class javax/swing/MultiUIDefaults done
Event: 0.287 Loading class sun/swing/SwingAccessor$UIDefaultsAccessor
Event: 0.287 Loading class sun/swing/SwingAccessor$UIDefaultsAccessor done
Event: 0.288 Loading class javax/swing/UIManager$1
Event: 0.288 Loading class javax/swing/UIManager$1 done
Event: 0.289 Loading class javax/swing/plaf/metal/MetalLookAndFeel
Event: 0.290 Loading class javax/swing/plaf/basic/BasicLookAndFeel
Event: 0.291 Loading class javax/swing/LookAndFeel
Event: 0.291 Loading class javax/swing/LookAndFeel done
Event: 0.291 Loading class javax/swing/plaf/basic/BasicLookAndFeel done
Event: 0.291 Loading class javax/swing/plaf/metal/MetalLookAndFeel done
Event: 0.291 Loading class sun/swing/DefaultLookup
Event: 0.291 Loading class sun/swing/DefaultLookup done
Event: 0.291 Loading class javax/swing/plaf/metal/OceanTheme
Event: 0.291 Loading class javax/swing/plaf/metal/DefaultMetalTheme
Event: 0.291 Loading class javax/swing/plaf/metal/MetalTheme

Classes unloaded (0 events):
No events

Classes redefined (0 events):
No events

Internal exceptions (7 events):
Event: 0.109 Thread 0x0000025c6b0323a0 Exception <a 'sun/nio/fs/WindowsException'{0x00000000c823fcd8}> (0x00000000c823fcd8) 
thrown [s\open\src\hotspot\share\prims\jni.cpp, line 519]
Event: 0.111 Thread 0x0000025c6b0323a0 Exception <a 'sun/nio/fs/WindowsException'{0x00000000c8242270}> (0x00000000c8242270) 
thrown [s\open\src\hotspot\share\prims\jni.cpp, line 519]
Event: 0.112 Thread 0x0000025c6b0323a0 Exception <a 'sun/nio/fs/WindowsException'{0x00000000c8242da0}> (0x00000000c8242da0) 
thrown [s\open\src\hotspot\share\prims\jni.cpp, line 519]
Event: 0.166 Thread 0x0000025c6b0323a0 Exception <a 'java/lang/ClassNotFoundException'{0x00000000c814ae90}: sun/awt/resources/spi/awtProvider> (0x00000000c814ae90) 
thrown [s\open\src\hotspot\share\classfile\systemDictionary.cpp, line 305]
Event: 0.191 Thread 0x0000025c6b0323a0 Exception <a 'java/io/FileNotFoundException'{0x00000000c81a17f0}> (0x00000000c81a17f0) 
thrown [s\open\src\hotspot\share\prims\jni.cpp, line 519]
Event: 0.199 Thread 0x0000025c6b0323a0 Exception <a 'java/io/FileNotFoundException'{0x00000000c81cba60}> (0x00000000c81cba60) 
thrown [s\open\src\hotspot\share\prims\jni.cpp, line 519]
Event: 0.287 Thread 0x0000025c6b0323a0 Exception <a 'java/lang/NoSuchMethodError'{0x00000000c80e64f8}: 'void java.lang.invoke.DirectMethodHandle$Holder.invokeSpecial(java.lang.Object, java.lang.Object, java.lang.Object)'> (0x00000000c80e64f8) 
thrown [s\open\src\hotspot\share\interpreter\linkResolver.cpp, line 773]

VM Operations (4 events):
Event: 0.113 Executing VM operation: HandshakeAllThreads
Event: 0.113 Executing VM operation: HandshakeAllThreads done
Event: 0.208 Executing VM operation: HandshakeAllThreads
Event: 0.208 Executing VM operation: HandshakeAllThreads done

Events (14 events):
Event: 0.033 Thread 0x0000025c6b0323a0 Thread added: 0x0000025c6b0323a0
Event: 0.046 Thread 0x0000025c769ef9b0 Thread added: 0x0000025c769ef9b0
Event: 0.046 Thread 0x0000025c769f0950 Thread added: 0x0000025c769f0950
Event: 0.047 Thread 0x0000025c769f6a40 Thread added: 0x0000025c769f6a40
Event: 0.047 Thread 0x0000025c769f9390 Thread added: 0x0000025c769f9390
Event: 0.047 Thread 0x0000025c769fa010 Thread added: 0x0000025c769fa010
Event: 0.047 Thread 0x0000025c769fee60 Thread added: 0x0000025c769fee60
Event: 0.047 Thread 0x0000025c769ffe10 Thread added: 0x0000025c769ffe10
Event: 0.048 Thread 0x0000025c76a08940 Thread added: 0x0000025c76a08940
Event: 0.085 Thread 0x0000025c769dca30 Thread added: 0x0000025c769dca30
Event: 0.128 Thread 0x0000025c7ad1bdd0 Thread added: 0x0000025c7ad1bdd0
Event: 0.244 Thread 0x0000025c7af36050 Thread added: 0x0000025c7af36050
Event: 0.246 Thread 0x0000025c7af3c080 Thread added: 0x0000025c7af3c080
Event: 0.248 Thread 0x0000025c7af3f2b0 Thread added: 0x0000025c7af3f2b0


Dynamic libraries:
0x00007ff79ebf0000 - 0x00007ff79ec00000 	C:\Program Files\Java\jdk-20\bin\java.exe
0x00007ffff8270000 - 0x00007ffff8468000 	C:\Windows\SYSTEM32\ntdll.dll
0x00007ffff7ac0000 - 0x00007ffff7b81000 	C:\Windows\System32\KERNEL32.DLL
0x00007ffff5d20000 - 0x00007ffff6016000 	C:\Windows\System32\KERNELBASE.dll
0x00007ffff5bf0000 - 0x00007ffff5cf0000 	C:\Windows\System32\ucrtbase.dll
0x00007ffff1e70000 - 0x00007ffff1e8b000 	C:\Program Files\Java\jdk-20\bin\VCRUNTIME140.dll
0x00007ffff2820000 - 0x00007ffff2839000 	C:\Program Files\Java\jdk-20\bin\jli.dll
0x00007ffff7510000 - 0x00007ffff75c0000 	C:\Windows\System32\ADVAPI32.dll
0x00007ffff66b0000 - 0x00007ffff674e000 	C:\Windows\System32\msvcrt.dll
0x00007ffff8190000 - 0x00007ffff8230000 	C:\Windows\System32\sechost.dll
0x00007ffff7990000 - 0x00007ffff7ab3000 	C:\Windows\System32\RPCRT4.dll
0x00007ffff5cf0000 - 0x00007ffff5d17000 	C:\Windows\System32\bcrypt.dll
0x00007ffff75c0000 - 0x00007ffff775f000 	C:\Windows\System32\USER32.dll
0x00007ffff5920000 - 0x00007ffff5942000 	C:\Windows\System32\win32u.dll
0x00007ffff7960000 - 0x00007ffff798b000 	C:\Windows\System32\GDI32.dll
0x00007fffe3030000 - 0x00007fffe32ca000 	C:\Windows\WinSxS\amd64_microsoft.windows.common-controls_6595b64144ccf1df_6.0.19041.4355_none_60b8b9eb71f62e16\COMCTL32.dll
0x00007ffff6020000 - 0x00007ffff6137000 	C:\Windows\System32\gdi32full.dll
0x00007ffff6140000 - 0x00007ffff61dd000 	C:\Windows\System32\msvcp_win.dll
0x00007fffeea80000 - 0x00007fffeea8a000 	C:\Windows\SYSTEM32\VERSION.dll
0x00007ffff6ec0000 - 0x00007ffff6eef000 	C:\Windows\System32\IMM32.DLL
0x00007ffff2490000 - 0x00007ffff249c000 	C:\Program Files\Java\jdk-20\bin\vcruntime140_1.dll
0x00007fffbfda0000 - 0x00007fffbfe2e000 	C:\Program Files\Java\jdk-20\bin\msvcp140.dll
0x00007fff95530000 - 0x00007fff961c8000 	C:\Program Files\Java\jdk-20\bin\server\jvm.dll
0x00007fffe04f0000 - 0x00007fffe0517000 	C:\Windows\SYSTEM32\WINMM.dll
0x00007fffe06c0000 - 0x00007fffe06c9000 	C:\Windows\SYSTEM32\WSOCK32.dll
0x00007ffff8020000 - 0x00007ffff808b000 	C:\Windows\System32\WS2_32.dll
0x00007ffff3760000 - 0x00007ffff3772000 	C:\Windows\SYSTEM32\kernel.appcore.dll
0x00007ffff2440000 - 0x00007ffff244a000 	C:\Program Files\Java\jdk-20\bin\jimage.dll
0x00007fffe27a0000 - 0x00007fffe2984000 	C:\Windows\SYSTEM32\DBGHELP.DLL
0x00007fffe1fd0000 - 0x00007fffe2004000 	C:\Windows\SYSTEM32\dbgcore.DLL
0x00007ffff5ab0000 - 0x00007ffff5b32000 	C:\Windows\System32\bcryptPrimitives.dll
0x00007fffea320000 - 0x00007fffea346000 	C:\Program Files\Java\jdk-20\bin\java.dll
0x00007fffea240000 - 0x00007fffea317000 	C:\Program Files\Java\jdk-20\bin\jsvml.dll
0x00007ffff6750000 - 0x00007ffff6ebc000 	C:\Windows\System32\SHELL32.dll
0x00007ffff3960000 - 0x00007ffff40fe000 	C:\Windows\SYSTEM32\windows.storage.dll
0x00007ffff7b90000 - 0x00007ffff7ee3000 	C:\Windows\System32\combase.dll
0x00007ffff5340000 - 0x00007ffff536e000 	C:\Windows\SYSTEM32\Wldp.dll
0x00007ffff7760000 - 0x00007ffff782d000 	C:\Windows\System32\OLEAUT32.dll
0x00007ffff7f70000 - 0x00007ffff801d000 	C:\Windows\System32\SHCORE.dll
0x00007ffff64c0000 - 0x00007ffff6515000 	C:\Windows\System32\shlwapi.dll
0x00007ffff5850000 - 0x00007ffff5874000 	C:\Windows\SYSTEM32\profapi.dll
0x00007fffea220000 - 0x00007fffea233000 	C:\Program Files\Java\jdk-20\bin\net.dll
0x00007fffede40000 - 0x00007fffedf4a000 	C:\Windows\SYSTEM32\WINHTTP.dll
0x00007ffff50a0000 - 0x00007ffff510a000 	C:\Windows\system32\mswsock.dll
0x00007fffea200000 - 0x00007fffea216000 	C:\Program Files\Java\jdk-20\bin\nio.dll
0x00007fffea1e0000 - 0x00007fffea1f8000 	C:\Program Files\Java\jdk-20\bin\zip.dll
0x00007fff98210000 - 0x00007fff983a1000 	C:\Program Files\Java\jdk-20\bin\awt.dll
0x00007ffff1500000 - 0x00007ffff1594000 	C:\Windows\SYSTEM32\apphelp.dll
0x00007ffff3470000 - 0x00007ffff349f000 	C:\Windows\system32\DWMAPI.DLL
0x00007ffff31e0000 - 0x00007ffff327e000 	C:\Windows\system32\uxtheme.dll
0x00007fffdb760000 - 0x00007fffdb888000 	C:\Windows\system32\opengl32.dll
0x00007fffe2c30000 - 0x00007fffe2c5c000 	C:\Windows\SYSTEM32\GLU32.dll
0x00007ffff7830000 - 0x00007ffff7944000 	C:\Windows\System32\MSCTF.dll
0x00007ffff73e0000 - 0x00007ffff750b000 	C:\Windows\System32\ole32.dll

dbghelp: loaded successfully - version: 4.0.5 - missing functions: none
symbol engine: initialized successfully - sym options: 0x614 - pdb path: .;C:\Program Files\Java\jdk-20\bin;C:\Windows\SYSTEM32;C:\Windows\WinSxS\amd64_microsoft.windows.common-controls_6595b64144ccf1df_6.0.19041.4355_none_60b8b9eb71f62e16;C:\Program Files\Java\jdk-20\bin\server

VM Arguments:
jvm_args: -Dfile.encoding=UTF-8 --module-path=C:\Users\Administrator\Documents\NetBeansProjects\Codsoft_task5\build\classes 
java_command: codsoft_task5.Student
java_class_path (initial): C:\Users\Administrator\Downloads\jcalendar-tz-1.3.3-4.jar;C:\Users\Administrator\Downloads\mysql-connector-java-8.0.11\mysql-connector-java-8.0.11.jar;C:\Users\Administrator\Downloads\rs2xml.jar;C:\Users\Administrator\Downloads\icons;C:\Users\Administrator\Documents\NetBeansProjects\Codsoft_task5\build\classes
Launcher Type: SUN_STANDARD

[Global flags]
     intx CICompilerCount                          = 3                                         {product} {ergonomic}
     uint ConcGCThreads                            = 1                                         {product} {ergonomic}
     uint G1ConcRefinementThreads                  = 4                                         {product} {ergonomic}
   size_t G1HeapRegionSize                         = 1048576                                   {product} {ergonomic}
    uintx GCDrainStackTargetSize                   = 64                                        {product} {ergonomic}
   size_t InitialHeapSize                          = 62914560                                  {product} {ergonomic}
   size_t MarkStackSize                            = 4194304                                   {product} {ergonomic}
   size_t MaxHeapSize                              = 998244352                                 {product} {ergonomic}
   size_t MaxNewSize                               = 598736896                                 {product} {ergonomic}
   size_t MinHeapDeltaBytes                        = 1048576                                   {product} {ergonomic}
   size_t MinHeapSize                              = 8388608                                   {product} {ergonomic}
    uintx NonNMethodCodeHeapSize                   = 5832780                                {pd product} {ergonomic}
    uintx NonProfiledCodeHeapSize                  = 122912730                              {pd product} {ergonomic}
    uintx ProfiledCodeHeapSize                     = 122912730                              {pd product} {ergonomic}
    uintx ReservedCodeCacheSize                    = 251658240                              {pd product} {ergonomic}
     bool SegmentedCodeCache                       = true                                      {product} {ergonomic}
   size_t SoftMaxHeapSize                          = 998244352                              {manageable} {ergonomic}
     bool UseCompressedClassPointers               = true                           {product lp64_product} {ergonomic}
     bool UseCompressedOops                        = true                           {product lp64_product} {ergonomic}
     bool UseG1GC                                  = true                                      {product} {ergonomic}
     bool UseLargePagesIndividualAllocation        = false                                  {pd product} {ergonomic}

Logging:
Log output configuration:
 #0: stdout all=warning uptime,level,tags foldmultilines=false
 #1: stderr all=off uptime,level,tags foldmultilines=false

Environment Variables:
PATH=C:\Program Files\Java\jdk-20\bin;C:\Program Files\Git\cmd;C:\Windows\System32;C:\Program Files\MySQL\MySQL Server 8.0\bin;C:\Program Files\MySQL\MySQL Shell 8.0\bin\;C:\Program Files\Java\jdk-20\bin;C:\Program Files\Git\cmd;C:\Windows\System32;C:\Users\Administrator\AppData\Local\Microsoft\WindowsApps;C:\Users\Administrator\AppData\Local\Programs\Microsoft VS Code\bin;C:\Users\Administrator\AppData\Local\GitHubDesktop\bin;C:\Program Files\MySQL\MySQL Server 8.0\bin
USERNAME=Administrator
OS=Windows_NT
PROCESSOR_IDENTIFIER=Intel64 Family 6 Model 60 Stepping 3, GenuineIntel
TMP=C:\Users\ADMINI~1\AppData\Local\Temp
TEMP=C:\Users\ADMINI~1\AppData\Local\Temp




---------------  S Y S T E M  ---------------

OS:
 Windows 10 , 64 bit Build 19041 (10.0.19041.4597)
OS uptime: 0 days 7:36 hours

CPU: total 4 (initial active 4) (2 cores per cpu, 2 threads per core) family 6 model 60 stepping 3 microcode 0x27, cx8, cmov, fxsr, ht, mmx, sse, sse2, sse3, ssse3, sse4.1, sse4.2, popcnt, lzcnt, tsc, tscinvbit, avx, avx2, erms, clmul, bmi1, bmi2, fma, vzeroupper, clflush, rdtscp, f16c

Memory: 4k page, system-wide physical 3804M (227M free)
TotalPageFile size 15580M (AvailPageFile size 1M)
current process WorkingSet (physical memory assigned to process): 46M, peak: 46M
current process commit charge ("private bytes"): 137M, peak: 137M

vm_info: Java HotSpot(TM) 64-Bit Server VM (20.0.2+9-78) for windows-amd64 JRE (20.0.2+9-78), built on 2023-06-14T10:08:48Z by "mach5one" with MS VC++ 17.1 (VS2022)

END.
